Arguments: 
  /Users/koenzwijnenburg/.nvm/versions/node/v14.3.0/bin/node /Users/koenzwijnenburg/.nvm/versions/node/v14.3.0/bin/yarn init

PATH: 
  /Users/koenzwijnenburg/.nvm/versions/node/v14.3.0/bin:/usr/local/bin:/usr/bin:/bin:/usr/sbin:/sbin:/Library/Apple/usr/bin:/Users/koenzwijnenburg/projects/fieldgroup/icon/fieldgroup-icon/node_modules/.bin

Yarn version: 
  1.22.4

Node version: 
  14.3.0

Platform: 
  darwin x64

Trace: 
  Error: canceled
      at Interface.<anonymous> (/Users/koenzwijnenburg/.nvm/versions/node/v14.3.0/lib/node_modules/yarn/lib/cli.js:137008:13)
      at Interface.emit (events.js:315:20)
      at Interface._ttyWrite (readline.js:873:16)
      at ReadStream.onkeypress (readline.js:213:10)
      at ReadStream.emit (events.js:315:20)
      at emitKeys (internal/readline/utils.js:335:14)
      at emitKeys.next (<anonymous>)
      at ReadStream.onData (readline.js:1140:36)
      at ReadStream.emit (events.js:315:20)
      at addChunk (_stream_readable.js:302:12)

npm manifest: 
  {
    "version": "1.0.0",
    "description": "My webpack project",
    "name": "my-webpack-project",
    "scripts": {
      "build": "webpack"
    },
    "devDependencies": {
      "babel-plugin-syntax-dynamic-import": "^6.18.0",
      "css-loader": "^5.0.1",
      "mini-css-extract-plugin": "^1.3.0",
      "node-sass": "^5.0.0",
      "sass-loader": "^10.1.0",
      "style-loader": "^2.0.0",
      "terser-webpack-plugin": "^5.0.3",
      "ts-loader": "^8.0.11",
      "typescript": "^4.0.5",
      "webpack": "^5.4.0",
      "webpack-cli": "^4.2.0"
    }
  }

yarn manifest: 
  No manifest

Lockfile: 
  No lockfile
